<?xml version="1.0" encoding="UTF-8"?>
<!-- Generated by org.testng.reporters.JUnitXMLReporter -->
<testsuite hostname="DEBASHIS-HP" name="Default test" tests="3" failures="0" timestamp="29 Apr 2017 16:34:42 GMT" time="27.36" errors="0">
  <testcase name="bankerLoginTest" time="10.063" classname="com.primusbank.tests.BankerLoginDDT"/>
  <testcase name="bankerLoginTest" time="7.083" classname="com.primusbank.tests.BankerLoginDDT"/>
  <testcase name="bankerLoginTest" time="6.315" classname="com.primusbank.tests.BankerLoginDDT"/>
</testsuite> <!-- Default test -->
